<?xml version="1.0" encoding="UTF-8"?>
<!-- Generated by org.testng.reporters.JUnitXMLReporter -->
<testsuite ignored="0" hostname="Mansours-MBP.fritz.box" failures="2" tests="8" name="Surefire test" time="3.801" errors="0" timestamp="2024-02-16T11:22:22 CET">
  <testcase classname="cryptoport.APIAutoTest" name="testGetAccountDetails" time="2.709"/>
  <testcase classname="cryptoport.APIAutoTest" name="testListAllTokens" time="0.191"/>
  <testcase classname="cryptoport.APIAutoTest" name="testGetTokenInfo" time="0.146">
    <failure type="java.lang.AssertionError" message="Unexpected status code expected [200] but found [500]">
      <![CDATA[java.lang.AssertionError: Unexpected status code expected [200] but found [500]
at cryptoport.APIAutoTest.testGetTokenInfo(APIAutoTest.java:124)
at java.base/java.util.ArrayList.forEach(ArrayList.java:1596)
... Removed 36 stack frames]]>
    </failure>
  </testcase> <!-- testGetTokenInfo -->
  <testcase classname="cryptoport.APIAutoTest" name="testListTokenHolders" time="0.128"/>
  <testcase classname="cryptoport.APIAutoTest" name="testDeleteToken" time="0.001">
    <failure type="java.lang.AssertionError" message="Extracted address is null or empty expected object to not be null">
      <![CDATA[java.lang.AssertionError: Extracted address is null or empty expected object to not be null
at cryptoport.APIAutoTest.testDeleteToken(APIAutoTest.java:153)
at java.base/java.util.ArrayList.forEach(ArrayList.java:1596)
... Removed 32 stack frames]]>
    </failure>
  </testcase> <!-- testDeleteToken -->
  <testcase classname="cryptoport.APIAutoTest" name="testMintTokenCall" time="0.194"/>
  <testcase classname="cryptoport.APIAutoTest" name="testPostTokenTransfer" time="0.177"/>
  <testcase classname="cryptoport.APIAutoTest" name="testBurnTokenCall" time="0.176"/>
</testsuite> <!-- Surefire test -->
