<?xml version="1.0" encoding="UTF-8"?>
<!-- Generated by org.testng.reporters.JUnitXMLReporter -->
<testsuite ignored="8" hostname="Mansours-MBP.fritz.box" failures="0" tests="1" name="Default test" time="7.698" errors="0" timestamp="2024-02-19T12:30:36 CET">
  <testcase classname="cryptoport.APIAutoTest" name="testPostTokenDeployment" time="7.633"/>
  <testcase classname="cryptoport.APIAutoTest" name="testBurnTokenCall" time="0.0">
    <ignored/>
  </testcase> <!-- testBurnTokenCall -->
  <testcase classname="cryptoport.APIAutoTest" name="testDeleteToken" time="0.0">
    <ignored/>
  </testcase> <!-- testDeleteToken -->
  <testcase classname="cryptoport.APIAutoTest" name="testPostTokenTransfer" time="0.0">
    <ignored/>
  </testcase> <!-- testPostTokenTransfer -->
  <testcase classname="cryptoport.APIAutoTest" name="testListAllTokens" time="0.0">
    <ignored/>
  </testcase> <!-- testListAllTokens -->
  <testcase classname="cryptoport.APIAutoTest" name="testGetAccountDetails" time="0.0">
    <ignored/>
  </testcase> <!-- testGetAccountDetails -->
  <testcase classname="cryptoport.APIAutoTest" name="testListTokenHolders" time="0.0">
    <ignored/>
  </testcase> <!-- testListTokenHolders -->
  <testcase classname="cryptoport.APIAutoTest" name="testMintTokenCall" time="0.0">
    <ignored/>
  </testcase> <!-- testMintTokenCall -->
  <testcase classname="cryptoport.APIAutoTest" name="testGetTokenInfo" time="0.0">
    <ignored/>
  </testcase> <!-- testGetTokenInfo -->
</testsuite> <!-- Default test -->
