<?xml version="1.0" encoding="UTF-8"?>
<testng-results ignored="0" total="9" passed="9" failed="0" skipped="0">
  <reporter-output>
  </reporter-output>
  <suite started-at="2024-02-19T12:33:14 CET" name="Surefire suite" finished-at="2024-02-19T12:33:21 CET" duration-ms="7398">
    <groups>
    </groups>
    <test started-at="2024-02-19T12:33:14 CET" name="Surefire test" finished-at="2024-02-19T12:33:21 CET" duration-ms="7398">
      <class name="cryptoport.APIAutoTest">
        <test-method signature="testGetAccountDetails()[pri:1, instance:cryptoport.APIAutoTest@221af3c0]" started-at="2024-02-19T12:33:14 CET" name="testGetAccountDetails" finished-at="2024-02-19T12:33:17 CET" duration-ms="2727" status="PASS">
          <reporter-output>
          </reporter-output>
        </test-method> <!-- testGetAccountDetails -->
        <test-method signature="testListAllTokens()[pri:2, instance:cryptoport.APIAutoTest@221af3c0]" started-at="2024-02-19T12:33:17 CET" name="testListAllTokens" finished-at="2024-02-19T12:33:17 CET" duration-ms="228" status="PASS">
          <reporter-output>
          </reporter-output>
        </test-method> <!-- testListAllTokens -->
        <test-method signature="testPostTokenDeployment()[pri:3, instance:cryptoport.APIAutoTest@221af3c0]" started-at="2024-02-19T12:33:17 CET" name="testPostTokenDeployment" finished-at="2024-02-19T12:33:20 CET" duration-ms="3359" status="PASS">
          <reporter-output>
          </reporter-output>
        </test-method> <!-- testPostTokenDeployment -->
        <test-method signature="testGetTokenInfo()[pri:4, instance:cryptoport.APIAutoTest@221af3c0]" started-at="2024-02-19T12:33:20 CET" name="testGetTokenInfo" finished-at="2024-02-19T12:33:20 CET" duration-ms="148" status="PASS">
          <reporter-output>
          </reporter-output>
        </test-method> <!-- testGetTokenInfo -->
        <test-method signature="testListTokenHolders()[pri:5, instance:cryptoport.APIAutoTest@221af3c0]" started-at="2024-02-19T12:33:20 CET" name="testListTokenHolders" finished-at="2024-02-19T12:33:21 CET" duration-ms="145" status="PASS">
          <reporter-output>
          </reporter-output>
        </test-method> <!-- testListTokenHolders -->
        <test-method signature="testDeleteToken()[pri:6, instance:cryptoport.APIAutoTest@221af3c0]" started-at="2024-02-19T12:33:21 CET" name="testDeleteToken" finished-at="2024-02-19T12:33:21 CET" duration-ms="142" status="PASS">
          <reporter-output>
          </reporter-output>
        </test-method> <!-- testDeleteToken -->
        <test-method signature="testMintTokenCall()[pri:7, instance:cryptoport.APIAutoTest@221af3c0]" started-at="2024-02-19T12:33:21 CET" name="testMintTokenCall" finished-at="2024-02-19T12:33:21 CET" duration-ms="188" status="PASS">
          <reporter-output>
          </reporter-output>
        </test-method> <!-- testMintTokenCall -->
        <test-method signature="testPostTokenTransfer()[pri:8, instance:cryptoport.APIAutoTest@221af3c0]" started-at="2024-02-19T12:33:21 CET" name="testPostTokenTransfer" finished-at="2024-02-19T12:33:21 CET" duration-ms="179" status="PASS">
          <reporter-output>
          </reporter-output>
        </test-method> <!-- testPostTokenTransfer -->
        <test-method signature="testBurnTokenCall()[pri:9, instance:cryptoport.APIAutoTest@221af3c0]" started-at="2024-02-19T12:33:21 CET" name="testBurnTokenCall" finished-at="2024-02-19T12:33:21 CET" duration-ms="186" status="PASS">
          <reporter-output>
          </reporter-output>
        </test-method> <!-- testBurnTokenCall -->
      </class> <!-- cryptoport.APIAutoTest -->
    </test> <!-- Surefire test -->
  </suite> <!-- Surefire suite -->
</testng-results>
