<?xml version="1.0" encoding="UTF-8"?>
<testng-results ignored="0" total="1" passed="1" failed="0" skipped="0">
  <reporter-output>
  </reporter-output>
  <suite started-at="2024-02-19T12:30:28 CET" name="Default suite" finished-at="2024-02-19T12:30:36 CET" duration-ms="7698">
    <groups>
    </groups>
    <test started-at="2024-02-19T12:30:28 CET" name="Default test" finished-at="2024-02-19T12:30:36 CET" duration-ms="7698">
      <class name="cryptoport.APIAutoTest">
        <test-method signature="testPostTokenDeployment()[pri:3, instance:cryptoport.APIAutoTest@4a22f9e2]" started-at="2024-02-19T12:30:28 CET" name="testPostTokenDeployment" finished-at="2024-02-19T12:30:36 CET" duration-ms="7633" status="PASS">
          <reporter-output>
          </reporter-output>
        </test-method> <!-- testPostTokenDeployment -->
      </class> <!-- cryptoport.APIAutoTest -->
    </test> <!-- Default test -->
  </suite> <!-- Default suite -->
</testng-results>
